<?xml version="1.0" encoding="UTF-8"?>
<!-- Generated by org.testng.reporters.JUnitXMLReporter -->
<testsuite ignored="0" hostname="selvi" failures="1" tests="1" name="Test" time="32.081" errors="0" timestamp="2024-10-17T17:08:35 IST">
  <testcase classname="testCase.TC003_AddUser" name="verify_login1" time="18.822">
    <failure type="java.lang.AssertionError" message="null">
      <![CDATA[java.lang.AssertionError: null
at testCase.TC003_AddUser.verify_login1(TC003_AddUser.java:80)
at java.base/java.util.ArrayList.forEach(ArrayList.java:1596)
... Removed 27 stack frames]]>
    </failure>
  </testcase> <!-- verify_login1 -->
</testsuite> <!-- Test -->
