<?xml version="1.0" encoding="UTF-8"?>
<testng-results ignored="0" total="1" passed="1" failed="0" skipped="0">
  <reporter-output>
  </reporter-output>
  <suite started-at="2024-10-04T21:00:56 IST" name="Default suite" finished-at="2024-10-04T21:01:03 IST" duration-ms="7128">
    <groups>
    </groups>
    <test started-at="2024-10-04T21:00:56 IST" name="Default test" finished-at="2024-10-04T21:01:03 IST" duration-ms="7128">
      <class name="testCase.TC001_LoginPage">
        <test-method is-config="true" signature="setup()[pri:0, instance:testCase.TC001_LoginPage@61f05988]" started-at="2024-10-04T21:00:56 IST" name="setup" finished-at="2024-10-04T21:00:59 IST" duration-ms="3293" status="PASS">
          <reporter-output>
          </reporter-output>
        </test-method> <!-- setup -->
        <test-method signature="verify_Login()[pri:0, instance:testCase.TC001_LoginPage@61f05988]" started-at="2024-10-04T21:00:59 IST" name="verify_Login" finished-at="2024-10-04T21:01:03 IST" duration-ms="3476" status="PASS">
          <reporter-output>
          </reporter-output>
        </test-method> <!-- verify_Login -->
        <test-method is-config="true" signature="tearDown()[pri:0, instance:testCase.TC001_LoginPage@61f05988]" started-at="2024-10-04T21:01:03 IST" name="tearDown" finished-at="2024-10-04T21:01:03 IST" duration-ms="269" status="PASS">
          <reporter-output>
          </reporter-output>
        </test-method> <!-- tearDown -->
      </class> <!-- testCase.TC001_LoginPage -->
    </test> <!-- Default test -->
  </suite> <!-- Default suite -->
</testng-results>
